[09/13/25 00:11:54] [Shop] Loaded 151 products.
[09/13/25 00:11:54] Validating database...
[09/13/25 00:11:54] [DB] Loaded 1 users. (Used time: 18ms)
[09/13/25 00:11:54] Server starts listening. Server developers: Jusic, Hardee, NekoMeow. Thx to Ochii for CSO2 server.
For more information visit vk.com/csnz_server or discord.gg/EvUAY6D
[09/13/25 00:11:54] Server build: 1086, Public Release
[09/13/25 00:12:16] Client (1, 127.0.0.1) has been connected to the server
[09/13/25 00:12:59] User logged in (IP: 127.0.0.1, UID: 1, Username: a123456)
[09/13/25 00:12:59] User '1, a123456' joined channel 'Channel server 1-1'
[09/13/25 00:12:59] User '1, a123456' requested room list successfully, sending...
[09/13/25 00:12:59] User 'Not logged in' write to channel chat: '/login a123456 a123456'
[09/13/25 00:12:59] Unimplemented packet: 103
[09/13/25 00:12:59] Unimplemented packet: 177
[09/13/25 00:13:05] Unimplemented packet: 100
[09/13/25 00:13:05] Unimplemented packet: 100
[09/13/25 00:13:05] CUserManager::OnUpdateInfoPacket: unknown request 12
[09/13/25 00:13:48] Host '1, a123456' updated room settings (RID: 1)
[09/13/25 00:13:48] User '1, a123456' created a new room (RID: 1, name: 'Test room name')
[09/13/25 00:13:48] Unimplemented packet: 115
[09/13/25 00:13:48] Host '1, a123456' updated room settings (RID: 1)
[09/13/25 00:13:48] Host '1, a123456' updated room settings (RID: 1)
[09/13/25 00:13:48] Host '1, a123456' updated room settings (RID: 1)
[09/13/25 00:13:53] Host '1, a123456' updated room settings (RID: 1)
[09/13/25 00:13:56] Host 'a123456' started room match (RID: 1, IP: 127.0.0.1, port: 27005)
[09/13/25 00:14:06] Packet_Host type 102 is not implemented
[09/13/25 00:14:06] Sending user '1, a123456' inventory to host '1, a123456' (RID: 1)
[09/13/25 00:14:06] Packet_Host type 103 is not implemented
[09/13/25 00:14:07] Unimplemented packet: 112
[09/13/25 00:14:08] Unimplemented packet: 90
[09/13/25 00:14:08] CUserManager::OnUdpPacket: received type 2-1: ip: 24815808, unk: 27005, unk: 27015
[09/13/25 00:14:08] CUserManager::OnUdpPacket: received type 0
[09/13/25 00:14:21] Packet_Host 16: 1, -137.500000, 312.500000, 141.198837
[09/13/25 00:14:25] Packet_Host type 24 is not implemented
[09/13/25 00:14:25] Packet_Host 16: 1, -275.000000, -425.000000, 229.031250
[09/13/25 00:14:25] Packet_Host type 25 is not implemented
[09/13/25 00:14:47] Packet_Host type 21 is not implemented
[09/13/25 00:14:48] Packet_Host type 21 is not implemented
[09/13/25 00:14:50] Packet_Host type 21 is not implemented
[09/13/25 00:14:57] Packet_Host type 21 is not implemented
[09/13/25 00:15:01] Packet_Host type 21 is not implemented
[09/13/25 00:15:07] Unimplemented packet: 90
[09/13/25 00:15:08] Packet_Host type 21 is not implemented
[09/13/25 00:15:09] Packet_Host type 21 is not implemented
[09/13/25 00:15:10] Packet_Host type 21 is not implemented
[09/13/25 00:15:12] Packet_Host type 21 is not implemented
[09/13/25 00:15:16] Packet_Host type 21 is not implemented
[09/13/25 00:15:17] Packet_Host type 21 is not implemented
[09/13/25 00:15:26] Packet_Host type 22 is not implemented
[09/13/25 00:15:26] Packet_Host type 23 is not implemented
[09/13/25 00:15:26] Packet_Host type 22 is not implemented
[09/13/25 00:15:26] Packet_Host type 23 is not implemented
[09/13/25 00:15:26] Packet_Host type 22 is not implemented
[09/13/25 00:15:26] Packet_Host type 23 is not implemented
[09/13/25 00:15:26] Packet_Host type 23 is not implemented
[09/13/25 00:15:26] Packet_Host type 22 is not implemented
[09/13/25 00:15:26] Packet_Host type 23 is not implemented
[09/13/25 00:15:26] Packet_Host type 22 is not implemented
[09/13/25 00:15:26] Packet_Host type 23 is not implemented
[09/13/25 00:15:26] Packet_Host type 22 is not implemented
[09/13/25 00:15:26] Packet_Host type 23 is not implemented
[09/13/25 00:15:26] Packet_Host type 22 is not implemented
[09/13/25 00:15:26] Packet_Host type 23 is not implemented
[09/13/25 00:15:26] Packet_Host type 22 is not implemented
[09/13/25 00:15:26] Packet_Host type 23 is not implemented
[09/13/25 00:15:26] Packet_Host type 22 is not implemented
[09/13/25 00:15:26] Packet_Host type 23 is not implemented
[09/13/25 00:15:26] Packet_Host type 23 is not implemented
[09/13/25 00:15:26] Packet_Host type 22 is not implemented
[09/13/25 00:15:26] Packet_Host type 23 is not implemented
[09/13/25 00:15:26] Packet_Host type 21 is not implemented
[09/13/25 00:15:31] Packet_Host type 24 is not implemented
[09/13/25 00:15:31] Packet_Host 16: 1, -137.500000, 312.500000, 141.198837
[09/13/25 00:15:31] Packet_Host type 25 is not implemented
[09/13/25 00:15:48] User '1, a123456' left a room (RID: 1)
[09/13/25 00:16:02] Host '1, a123456' updated room settings (RID: 2)
[09/13/25 00:16:02] User '1, a123456' created a new room (RID: 2, name: 'Test room name')
[09/13/25 00:16:03] Unimplemented packet: 115
[09/13/25 00:16:03] Host '1, a123456' updated room settings (RID: 2)
[09/13/25 00:16:03] Host '1, a123456' updated room settings (RID: 2)
[09/13/25 00:16:03] Host '1, a123456' updated room settings (RID: 2)
[09/13/25 00:16:07] Host '1, a123456' updated room settings (RID: 2)
[09/13/25 00:16:09] Host 'a123456' started room match (RID: 2, IP: 127.0.0.1, port: 27005)
[09/13/25 00:16:09] Host '1, a123456' updated room settings (RID: 2)
[09/13/25 00:16:18] Packet_Host type 102 is not implemented
[09/13/25 00:16:18] Sending user '1, a123456' inventory to host '1, a123456' (RID: 2)
[09/13/25 00:16:18] Packet_Host type 103 is not implemented
[09/13/25 00:16:19] Unimplemented packet: 112
[09/13/25 00:16:20] Unimplemented packet: 90
[09/13/25 00:16:21] Packet_Host 16: 1, -725.000000, -1225.000000, -226.968750
[09/13/25 00:16:29] Packet_Host type 24 is not implemented
[09/13/25 00:16:29] Packet_Host 16: 1, -650.000000, -350.000000, -226.968750
[09/13/25 00:16:29] Packet_Host type 25 is not implemented
[09/13/25 00:16:54] Packet_Host type 21 is not implemented
[09/13/25 00:16:58] Packet_Host type 21 is not implemented
[09/13/25 00:17:00] Database 'a123456' successfully saved
[09/13/25 00:17:03] Packet_Host type 21 is not implemented
[09/13/25 00:17:19] Unimplemented packet: 90
[09/13/25 00:17:23] Packet_Host type 21 is not implemented
[09/13/25 00:17:25] Packet_Host type 22 is not implemented
[09/13/25 00:17:25] Packet_Host type 23 is not implemented
[09/13/25 00:17:25] Packet_Host type 23 is not implemented
[09/13/25 00:17:25] Packet_Host type 22 is not implemented
[09/13/25 00:17:25] Packet_Host type 23 is not implemented
[09/13/25 00:17:25] Packet_Host type 22 is not implemented
[09/13/25 00:17:25] Packet_Host type 23 is not implemented
[09/13/25 00:17:25] Packet_Host type 22 is not implemented
[09/13/25 00:17:25] Packet_Host type 23 is not implemented
[09/13/25 00:17:25] Packet_Host type 22 is not implemented
[09/13/25 00:17:25] Packet_Host type 23 is not implemented
[09/13/25 00:17:25] Packet_Host type 22 is not implemented
[09/13/25 00:17:25] Packet_Host type 23 is not implemented
[09/13/25 00:17:25] Packet_Host type 22 is not implemented
[09/13/25 00:17:25] Packet_Host type 23 is not implemented
[09/13/25 00:17:25] Packet_Host type 22 is not implemented
[09/13/25 00:17:25] Packet_Host type 23 is not implemented
[09/13/25 00:17:25] Packet_Host type 23 is not implemented
[09/13/25 00:17:25] Packet_Host type 31 is not implemented
[09/13/25 00:17:30] Packet_Host type 24 is not implemented
[09/13/25 00:17:30] Packet_Host 16: 1, -12.500000, -1250.000000, -226.968750
[09/13/25 00:17:30] Packet_Host type 25 is not implemented
[09/13/25 00:17:50] Packet_Host 16: 1, -1700.000000, 87.500000, -146.968750
[09/13/25 00:17:56] Packet_Host type 21 is not implemented
[09/13/25 00:17:56] Packet_Host type 21 is not implemented
[09/13/25 00:18:00] Packet_Host type 21 is not implemented
[09/13/25 00:18:08] Packet_Host type 21 is not implemented
[09/13/25 00:18:13] Packet_Host type 21 is not implemented
[09/13/25 00:18:15] Packet_Host type 22 is not implemented
[09/13/25 00:18:15] Packet_Host type 23 is not implemented
[09/13/25 00:18:15] Packet_Host type 22 is not implemented
[09/13/25 00:18:15] Packet_Host type 23 is not implemented
[09/13/25 00:18:15] Packet_Host type 23 is not implemented
[09/13/25 00:18:15] Packet_Host type 23 is not implemented
[09/13/25 00:18:15] Packet_Host type 23 is not implemented
[09/13/25 00:18:15] Packet_Host type 22 is not implemented
[09/13/25 00:18:15] Packet_Host type 23 is not implemented
[09/13/25 00:18:15] Packet_Host type 22 is not implemented
[09/13/25 00:18:15] Packet_Host type 23 is not implemented
[09/13/25 00:18:15] Packet_Host type 23 is not implemented
[09/13/25 00:18:15] Packet_Host type 23 is not implemented
[09/13/25 00:18:15] Packet_Host type 22 is not implemented
[09/13/25 00:18:15] Packet_Host type 23 is not implemented
[09/13/25 00:18:15] Packet_Host type 21 is not implemented
[09/13/25 00:18:15] Packet_Host type 31 is not implemented
[09/13/25 00:18:19] Unimplemented packet: 90
[09/13/25 00:18:20] Packet_Host type 24 is not implemented
[09/13/25 00:18:20] Packet_Host 16: 1, 0.000000, -1087.500000, -226.968750
[09/13/25 00:18:20] Packet_Host type 25 is not implemented
[09/13/25 00:19:04] Packet_Host type 21 is not implemented
[09/13/25 00:19:19] Unimplemented packet: 90
[09/13/25 00:19:34] Packet_Host type 21 is not implemented
[09/13/25 00:20:04] Packet_Host type 21 is not implemented
[09/13/25 00:20:19] Unimplemented packet: 90
[09/13/25 00:20:29] Packet_Host type 21 is not implemented
[09/13/25 00:20:39] Packet_Host type 21 is not implemented
[09/13/25 00:20:45] Packet_Host type 21 is not implemented
[09/13/25 00:20:49] Packet_Host type 21 is not implemented
[09/13/25 00:20:53] Packet_Host type 21 is not implemented
[09/13/25 00:20:59] Packet_Host type 21 is not implemented
[09/13/25 00:21:01] Packet_Host type 21 is not implemented
[09/13/25 00:21:01] Packet_Host type 23 is not implemented
[09/13/25 00:21:01] Packet_Host type 22 is not implemented
[09/13/25 00:21:01] Packet_Host type 23 is not implemented
[09/13/25 00:21:01] Packet_Host type 22 is not implemented
[09/13/25 00:21:01] Packet_Host type 23 is not implemented
[09/13/25 00:21:01] Packet_Host type 22 is not implemented
[09/13/25 00:21:01] Packet_Host type 23 is not implemented
[09/13/25 00:21:01] Packet_Host type 22 is not implemented
[09/13/25 00:21:01] Packet_Host type 23 is not implemented
[09/13/25 00:21:01] Packet_Host type 22 is not implemented
[09/13/25 00:21:01] Packet_Host type 23 is not implemented
[09/13/25 00:21:01] Packet_Host type 22 is not implemented
[09/13/25 00:21:01] Packet_Host type 23 is not implemented
[09/13/25 00:21:01] Packet_Host type 23 is not implemented
[09/13/25 00:21:01] Packet_Host type 22 is not implemented
[09/13/25 00:21:01] Packet_Host type 23 is not implemented
[09/13/25 00:21:01] Packet_Host type 22 is not implemented
[09/13/25 00:21:01] Packet_Host type 23 is not implemented
[09/13/25 00:21:01] Packet_Host type 21 is not implemented
[09/13/25 00:21:01] Packet_Host type 31 is not implemented
[09/13/25 00:21:06] Packet_Host type 24 is not implemented
[09/13/25 00:21:06] Packet_Host 16: 1, -737.500000, -825.000000, -226.968750
[09/13/25 00:21:06] Packet_Host type 25 is not implemented
[09/13/25 00:21:19] Unimplemented packet: 90
[09/13/25 00:21:41] Packet_Host type 21 is not implemented
[09/13/25 00:21:42] Packet_Host type 21 is not implemented
[09/13/25 00:21:43] Packet_Host type 21 is not implemented
[09/13/25 00:21:44] Packet_Host type 21 is not implemented
[09/13/25 00:21:45] Packet_Host type 21 is not implemented
[09/13/25 00:21:47] Packet_Host type 21 is not implemented
[09/13/25 00:21:49] Packet_Host type 21 is not implemented
[09/13/25 00:21:49] Packet_Host type 21 is not implemented
[09/13/25 00:22:01] Packet_Host type 21 is not implemented
[09/13/25 00:22:03] User '1, a123456' left a room (RID: 2)
[09/13/25 00:22:06] Unimplemented packet: 100
[09/13/25 00:22:06] Unimplemented packet: 100
[09/13/25 00:22:06] CUserManager::OnUpdateInfoPacket: unknown request 12
[09/13/25 00:22:24] CExtendedSocket::Read(127.0.0.1): result < PACKET_HEADER_SIZE, 10054
[09/13/25 00:22:24] User logged out (1, 'a123456', sent: 200098, recevied: 12558, 556, 183)
